Build started 15/02/2014 14:29:35.
     1>Project "C:\Users\Jenny\Ising Model\Spin_One_Ising_Model\Spin_One_Ising_Model\Spin_One_Ising_Model.vcxproj" on node 2 (build target(s)).
     1>InitializeBuildStatus:
         Touching "Debug\Spin_One_Ising_Model.unsuccessfulbuild".
       ClCompile:
         c:\Program Files (x86)\Microsoft Visual Studio 10.0\VC\bin\CL.exe /c /ZI /nologo /W3 /WX- /Od /Oy- /D _MBCS /Gm /EHsc /RTC1 /MDd /GS /fp:precise /Zc:wchar_t /Zc:forScope /Fo"Debug\\" /Fd"Debug\vc100.pdb" /Gd /TP /analyze- /errorReport:prompt System.cpp
         System.cpp
     1>c:\users\jenny\ising model\spin_one_ising_model\spin_one_ising_model\system.cpp(3): fatal error C1083: Cannot open include file: 'boost/random/mersenne_twister.hpp': No such file or directory
     1>Done Building Project "C:\Users\Jenny\Ising Model\Spin_One_Ising_Model\Spin_One_Ising_Model\Spin_One_Ising_Model.vcxproj" (build target(s)) -- FAILED.

Build FAILED.

Time Elapsed 00:00:00.14
